<?xml version="1.0" encoding="UTF-8"?>
<testsuite name="com.bosco.firstApp.firstApp.web.IndexControllerTest" tests="1" skipped="0" failures="0" errors="0" timestamp="2020-03-10T21:36:38" hostname="DESKTOP-MA3RVL4" time="0.356">
  <properties/>
  <testcase name="메인페이지_로딩" classname="com.bosco.firstApp.firstApp.web.IndexControllerTest" time="0.356"/>
  <system-out><![CDATA[2020-03-11 06:36:34.742  INFO 6812 --- [    Test worker] .b.t.c.SpringBootTestContextBootstrapper : Neither @ContextConfiguration nor @ContextHierarchy found for test class [com.bosco.firstApp.firstApp.web.IndexControllerTest], using SpringBootContextLoader
2020-03-11 06:36:34.745  INFO 6812 --- [    Test worker] o.s.t.c.support.AbstractContextLoader    : Could not detect default resource locations for test class [com.bosco.firstApp.firstApp.web.IndexControllerTest]: no resource found for suffixes {-context.xml, Context.groovy}.
2020-03-11 06:36:34.745  INFO 6812 --- [    Test worker] t.c.s.AnnotationConfigContextLoaderUtils : Could not detect default configuration classes for test class [com.bosco.firstApp.firstApp.web.IndexControllerTest]: IndexControllerTest does not declare any static, non-private, non-final, nested classes annotated with @Configuration.
2020-03-11 06:36:34.748  INFO 6812 --- [    Test worker] .b.t.c.SpringBootTestContextBootstrapper : Found @SpringBootConfiguration com.bosco.firstApp.firstApp.Application for test class com.bosco.firstApp.firstApp.web.IndexControllerTest
2020-03-11 06:36:34.751  INFO 6812 --- [    Test worker] .b.t.c.SpringBootTestContextBootstrapper : Loaded default TestExecutionListener class names from location [META-INF/spring.factories]: [org.springframework.security.test.context.support.WithSecurityContextTestExecutionListener, org.springframework.security.test.context.support.ReactorContextTestExecutionListener, org.springframework.boot.test.autoconfigure.restdocs.RestDocsTestExecutionListener, org.springframework.boot.test.autoconfigure.web.client.MockRestServiceServerResetTestExecutionListener, org.springframework.boot.test.autoconfigure.web.servlet.MockMvcPrintOnlyOnFailureTestExecutionListener, org.springframework.boot.test.autoconfigure.web.servlet.WebDriverTestExecutionListener, org.springframework.boot.test.mock.mockito.MockitoTestExecutionListener, org.springframework.boot.test.mock.mockito.ResetMocksTestExecutionListener, org.springframework.test.context.web.ServletTestExecutionListener, org.springframework.test.context.support.DirtiesContextBeforeModesTestExecutionListener, org.springframework.test.context.support.DependencyInjectionTestExecutionListener, org.springframework.test.context.support.DirtiesContextTestExecutionListener, org.springframework.test.context.transaction.TransactionalTestExecutionListener, org.springframework.test.context.jdbc.SqlScriptsTestExecutionListener]
2020-03-11 06:36:34.753  INFO 6812 --- [    Test worker] .b.t.c.SpringBootTestContextBootstrapper : Using TestExecutionListeners: [org.springframework.test.context.web.ServletTestExecutionListener@2b0def5d, org.springframework.test.context.support.DirtiesContextBeforeModesTestExecutionListener@55876977, org.springframework.boot.test.mock.mockito.MockitoTestExecutionListener@2e48c424, org.springframework.boot.test.autoconfigure.SpringBootDependencyInjectionTestExecutionListener@2586eb67, org.springframework.test.context.support.DirtiesContextTestExecutionListener@61358f8d, org.springframework.test.context.transaction.TransactionalTestExecutionListener@f179e0d, org.springframework.test.context.jdbc.SqlScriptsTestExecutionListener@6796022f, org.springframework.security.test.context.support.WithSecurityContextTestExecutionListener@75d90069, org.springframework.security.test.context.support.ReactorContextTestExecutionListener@385db0b8, org.springframework.boot.test.autoconfigure.restdocs.RestDocsTestExecutionListener@b89a648, org.springframework.boot.test.autoconfigure.web.client.MockRestServiceServerResetTestExecutionListener@5cd95a6c, org.springframework.boot.test.autoconfigure.web.servlet.MockMvcPrintOnlyOnFailureTestExecutionListener@613ed3d6, org.springframework.boot.test.autoconfigure.web.servlet.WebDriverTestExecutionListener@34336739, org.springframework.boot.test.mock.mockito.ResetMocksTestExecutionListener@72ce3c11]

  .   ____          _            __ _ _
 /\\ / ___'_ __ _ _(_)_ __  __ _ \ \ \ \
( ( )\___ | '_ | '_| | '_ \/ _` | \ \ \ \
 \\/  ___)| |_)| | | | | || (_| |  ) ) ) )
  '  |____| .__|_| |_|_| |_\__, | / / / /
 =========|_|==============|___/=/_/_/_/
 :: Spring Boot ::        (v2.1.7.RELEASE)

2020-03-11 06:36:34.873  INFO 6812 --- [    Test worker] c.b.f.firstApp.web.IndexControllerTest   : Starting IndexControllerTest on DESKTOP-MA3RVL4 with PID 6812 (started by 82104 in C:\workspace\firstApp)
2020-03-11 06:36:34.873  INFO 6812 --- [    Test worker] c.b.f.firstApp.web.IndexControllerTest   : The following profiles are active: oauth
2020-03-11 06:36:35.394  INFO 6812 --- [    Test worker] .s.d.r.c.RepositoryConfigurationDelegate : Bootstrapping Spring Data repositories in DEFAULT mode.
2020-03-11 06:36:35.439  INFO 6812 --- [    Test worker] .s.d.r.c.RepositoryConfigurationDelegate : Finished Spring Data repository scanning in 45ms. Found 2 repository interfaces.
2020-03-11 06:36:35.607  INFO 6812 --- [    Test worker] trationDelegate$BeanPostProcessorChecker : Bean 'org.springframework.transaction.annotation.ProxyTransactionManagementConfiguration' of type [org.springframework.transaction.annotation.ProxyTransactionManagementConfiguration$$EnhancerBySpringCGLIB$$31d99df2] is not eligible for getting processed by all BeanPostProcessors (for example: not eligible for auto-proxying)
2020-03-11 06:36:36.012  INFO 6812 --- [    Test worker] o.s.b.w.embedded.tomcat.TomcatWebServer  : Tomcat initialized with port(s): 0 (http)
2020-03-11 06:36:36.062  INFO 6812 --- [    Test worker] o.apache.catalina.core.StandardService   : Starting service [Tomcat]
2020-03-11 06:36:36.063  INFO 6812 --- [    Test worker] org.apache.catalina.core.StandardEngine  : Starting Servlet engine: [Apache Tomcat/9.0.22]
2020-03-11 06:36:36.327  INFO 6812 --- [    Test worker] o.a.c.c.C.[Tomcat].[localhost].[/]       : Initializing Spring embedded WebApplicationContext
2020-03-11 06:36:36.327  INFO 6812 --- [    Test worker] o.s.web.context.ContextLoader            : Root WebApplicationContext: initialization completed in 1429 ms
2020-03-11 06:36:36.604  INFO 6812 --- [    Test worker] com.zaxxer.hikari.HikariDataSource       : HikariPool-2 - Starting...
2020-03-11 06:36:36.606  INFO 6812 --- [    Test worker] com.zaxxer.hikari.HikariDataSource       : HikariPool-2 - Start completed.
2020-03-11 06:36:36.673  INFO 6812 --- [    Test worker] o.hibernate.jpa.internal.util.LogHelper  : HHH000204: Processing PersistenceUnitInfo [
	name: default
	...]
2020-03-11 06:36:36.692  INFO 6812 --- [    Test worker] org.hibernate.dialect.Dialect            : HHH000400: Using dialect: org.hibernate.dialect.MySQL5InnoDBDialect
Hibernate: drop table if exists posts
Hibernate: drop table if exists user
Hibernate: create table posts (id bigint not null auto_increment, create_date datetime, modified_date datetime, author varchar(255), content TEXT not null, title varchar(500) not null, primary key (id)) engine=InnoDB
Hibernate: create table user (id bigint not null auto_increment, email varchar(255) not null, name varchar(255) not null, picture varchar(255), role varchar(255) not null, primary key (id)) engine=InnoDB
2020-03-11 06:36:36.775  INFO 6812 --- [    Test worker] o.h.t.schema.internal.SchemaCreatorImpl  : HHH000476: Executing import script 'org.hibernate.tool.schema.internal.exec.ScriptSourceInputNonExistentImpl@284546fc'
2020-03-11 06:36:36.776  INFO 6812 --- [    Test worker] j.LocalContainerEntityManagerFactoryBean : Initialized JPA EntityManagerFactory for persistence unit 'default'
2020-03-11 06:36:37.483  INFO 6812 --- [    Test worker] o.h.h.i.QueryTranslatorFactoryInitiator  : HHH000397: Using ASTQueryTranslatorFactory
2020-03-11 06:36:37.768  INFO 6812 --- [    Test worker] o.s.s.web.DefaultSecurityFilterChain     : Creating filter chain: any request, [org.springframework.security.web.context.request.async.WebAsyncManagerIntegrationFilter@90b3515, org.springframework.security.web.context.SecurityContextPersistenceFilter@46310808, org.springframework.security.web.header.HeaderWriterFilter@bedcdfb, org.springframework.security.web.authentication.logout.LogoutFilter@28139d46, org.springframework.security.oauth2.client.web.OAuth2AuthorizationRequestRedirectFilter@30fdb52d, org.springframework.security.oauth2.client.web.OAuth2LoginAuthenticationFilter@7583793d, org.springframework.security.web.authentication.ui.DefaultLoginPageGeneratingFilter@66aca8d3, org.springframework.security.web.authentication.ui.DefaultLogoutPageGeneratingFilter@3ab8fdce, org.springframework.security.web.savedrequest.RequestCacheAwareFilter@64bb10ba, org.springframework.security.web.servletapi.SecurityContextHolderAwareRequestFilter@1dc8bc3, org.springframework.security.web.authentication.AnonymousAuthenticationFilter@67b16369, org.springframework.security.web.session.SessionManagementFilter@7973dc8f, org.springframework.security.web.access.ExceptionTranslationFilter@546ed8cc, org.springframework.security.web.access.intercept.FilterSecurityInterceptor@598d41a3]
2020-03-11 06:36:38.047  INFO 6812 --- [    Test worker] o.s.s.concurrent.ThreadPoolTaskExecutor  : Initializing ExecutorService 'applicationTaskExecutor'
2020-03-11 06:36:38.066  WARN 6812 --- [    Test worker] aWebConfiguration$JpaWebMvcConfiguration : spring.jpa.open-in-view is enabled by default. Therefore, database queries may be performed during view rendering. Explicitly configure spring.jpa.open-in-view to disable this warning
2020-03-11 06:36:38.104  INFO 6812 --- [    Test worker] o.s.b.a.w.s.WelcomePageHandlerMapping    : Adding welcome page template: index
2020-03-11 06:36:38.518  INFO 6812 --- [    Test worker] s.a.ScheduledAnnotationBeanPostProcessor : No TaskScheduler/ScheduledExecutorService bean found for scheduled processing
2020-03-11 06:36:38.552  INFO 6812 --- [    Test worker] o.s.b.w.embedded.tomcat.TomcatWebServer  : Tomcat started on port(s): 59663 (http) with context path ''
2020-03-11 06:36:38.553  INFO 6812 --- [    Test worker] c.b.f.firstApp.web.IndexControllerTest   : Started IndexControllerTest in 3.793 seconds (JVM running for 14.643)
2020-03-11 06:36:38.735  INFO 6812 --- [o-auto-1-exec-1] o.a.c.c.C.[Tomcat].[localhost].[/]       : Initializing Spring DispatcherServlet 'dispatcherServlet'
2020-03-11 06:36:38.736  INFO 6812 --- [o-auto-1-exec-1] o.s.web.servlet.DispatcherServlet        : Initializing Servlet 'dispatcherServlet'
2020-03-11 06:36:38.776  INFO 6812 --- [o-auto-1-exec-1] o.s.web.servlet.DispatcherServlet        : Completed initialization in 40 ms
Hibernate: select posts0_.id as id1_0_, posts0_.create_date as create_d2_0_, posts0_.modified_date as modified3_0_, posts0_.author as author4_0_, posts0_.content as content5_0_, posts0_.title as title6_0_ from posts posts0_ order by posts0_.id DESC
]]></system-out>
  <system-err><![CDATA[]]></system-err>
</testsuite>
